<?xml version="1.0" encoding="UTF-8"?>
<!-- Generated by org.testng.reporters.JUnitReportReporter -->
<testsuite hostname="Bindu" failures="0" tests="1" name="jenkinsprojectnew.NewDemoProjectTest" time="0.024" errors="0" timestamp="2024-07-26T11:20:05 IST" skipped="0">
  <testcase classname="jenkinsprojectnew.NewDemoProjectTest" name="execute" time="0.024"/>
  <system-out>
    <![CDATA[Jenkins class executed  second time successfully]]>
  </system-out>
</testsuite> <!-- jenkinsprojectnew.NewDemoProjectTest -->
